<?xml version="1.0" encoding="UTF-8"?>
<testng-results ignored="0" total="1" passed="1" failed="0" skipped="0">
  <reporter-output>
  </reporter-output>
  <suite started-at="2023-10-16T21:27:31 IST" name="Default suite" finished-at="2023-10-16T21:27:31 IST" duration-ms="73">
    <groups>
    </groups>
    <test started-at="2023-10-16T21:27:31 IST" name="Default test" finished-at="2023-10-16T21:27:31 IST" duration-ms="73">
      <class name="StreamTest1">
        <test-method signature="streamCollect()[pri:0, instance:StreamTest1@60099951]" started-at="2023-10-16T21:27:31 IST" name="streamCollect" finished-at="2023-10-16T21:27:31 IST" duration-ms="15" status="PASS">
          <reporter-output>
          </reporter-output>
        </test-method> <!-- streamCollect -->
      </class> <!-- StreamTest1 -->
    </test> <!-- Default test -->
  </suite> <!-- Default suite -->
</testng-results>
